<?xml version="1.0" encoding="UTF-8"?>
<!-- Generated by org.testng.reporters.JUnitReportReporter -->
<testsuite hostname="YP1007034LT" name="com.cucumber.runner.Runner" tests="1" failures="0" timestamp="28 Jun 2019 14:00:30 GMT" time="10.936" errors="0">
  <testcase name="feature" time="10.936" classname="com.cucumber.runner.Runner"/>
</testsuite> <!-- com.cucumber.runner.Runner -->
